-------------------------------------------------------------------------------
Test set: io.cloudboost.QueryAclTest
-------------------------------------------------------------------------------
Tests run: 3, Failures: 1, Errors: 0, Skipped: 0, Time elapsed: 15.149 sec <<< FAILURE!
shouldGetObjectWithUserReadAccess(io.cloudboost.QueryAclTest)  Time elapsed: 11.11 sec  <<< FAILURE!
junit.framework.AssertionFailedError: null
	at junit.framework.Assert.fail(Assert.java:47)
	at io.cloudboost.QueryAclTest$3$1.done(QueryAclTest.java:87)
	at io.cloudboost.CloudQuery.findById(CloudQuery.java:1474)
	at io.cloudboost.QueryAclTest$3.done(QueryAclTest.java:82)
	at io.cloudboost.CloudObject.save(CloudObject.java:884)
	at io.cloudboost.QueryAclTest.shouldGetObjectWithUserReadAccess(QueryAclTest.java:73)
	at sun.reflect.NativeMethodAccessorImpl.invoke0(Native Method)
	at sun.reflect.NativeMethodAccessorImpl.invoke(NativeMethodAccessorImpl.java:62)
	at sun.reflect.DelegatingMethodAccessorImpl.invoke(DelegatingMethodAccessorImpl.java:43)
	at java.lang.reflect.Method.invoke(Method.java:483)
	at org.junit.runners.model.FrameworkMethod$1.runReflectiveCall(FrameworkMethod.java:44)
	at org.junit.internal.runners.model.ReflectiveCallable.run(ReflectiveCallable.java:15)
	at org.junit.runners.model.FrameworkMethod.invokeExplosively(FrameworkMethod.java:41)
	at org.junit.internal.runners.statements.InvokeMethod.evaluate(InvokeMethod.java:20)
	at org.junit.internal.runners.statements.FailOnTimeout$1.run(FailOnTimeout.java:28)

