-------------------------------------------------------------------------------
Test set: io.cloudboost.CloudSearchTest
-------------------------------------------------------------------------------
Tests run: 22, Failures: 3, Errors: 0, Skipped: 0, Time elapsed: 70.656 sec <<< FAILURE!
shouldOrderByAsc(io.cloudboost.CloudSearchTest)  Time elapsed: 0.815 sec  <<< FAILURE!
junit.framework.AssertionFailedError: Fetched records but failed to arrange in ascending order
	at junit.framework.Assert.fail(Assert.java:47)
	at io.cloudboost.CloudSearchTest$1.done(CloudSearchTest.java:38)
	at io.cloudboost.CloudSearch.search(CloudSearch.java:223)
	at io.cloudboost.CloudSearchTest.shouldOrderByAsc(CloudSearchTest.java:26)
	at sun.reflect.NativeMethodAccessorImpl.invoke0(Native Method)
	at sun.reflect.NativeMethodAccessorImpl.invoke(NativeMethodAccessorImpl.java:62)
	at sun.reflect.DelegatingMethodAccessorImpl.invoke(DelegatingMethodAccessorImpl.java:43)
	at java.lang.reflect.Method.invoke(Method.java:483)
	at org.junit.runners.model.FrameworkMethod$1.runReflectiveCall(FrameworkMethod.java:44)
	at org.junit.internal.runners.model.ReflectiveCallable.run(ReflectiveCallable.java:15)
	at org.junit.runners.model.FrameworkMethod.invokeExplosively(FrameworkMethod.java:41)
	at org.junit.internal.runners.statements.InvokeMethod.evaluate(InvokeMethod.java:20)
	at org.junit.internal.runners.statements.FailOnTimeout$1.run(FailOnTimeout.java:28)

shouldIncludeArelationOnSearch(io.cloudboost.CloudSearchTest)  Time elapsed: 10.035 sec  <<< FAILURE!
junit.framework.AssertionFailedError: null
	at junit.framework.Assert.fail(Assert.java:47)
	at io.cloudboost.CloudSearchTest$2.done(CloudSearchTest.java:65)
	at io.cloudboost.CloudObject.save(CloudObject.java:879)
	at io.cloudboost.CloudSearchTest.shouldIncludeArelationOnSearch(CloudSearchTest.java:60)
	at sun.reflect.NativeMethodAccessorImpl.invoke0(Native Method)
	at sun.reflect.NativeMethodAccessorImpl.invoke(NativeMethodAccessorImpl.java:62)
	at sun.reflect.DelegatingMethodAccessorImpl.invoke(DelegatingMethodAccessorImpl.java:43)
	at java.lang.reflect.Method.invoke(Method.java:483)
	at org.junit.runners.model.FrameworkMethod$1.runReflectiveCall(FrameworkMethod.java:44)
	at org.junit.internal.runners.model.ReflectiveCallable.run(ReflectiveCallable.java:15)
	at org.junit.runners.model.FrameworkMethod.invokeExplosively(FrameworkMethod.java:41)
	at org.junit.internal.runners.statements.InvokeMethod.evaluate(InvokeMethod.java:20)
	at org.junit.internal.runners.statements.FailOnTimeout$1.run(FailOnTimeout.java:28)

orShouldWorkBetweenTables(io.cloudboost.CloudSearchTest)  Time elapsed: 10.01 sec  <<< FAILURE!
junit.framework.AssertionFailedError: null
	at junit.framework.Assert.fail(Assert.java:47)
	at io.cloudboost.CloudSearchTest$6.done(CloudSearchTest.java:223)
	at io.cloudboost.CloudObject.save(CloudObject.java:879)
	at io.cloudboost.CloudSearchTest.orShouldWorkBetweenTables(CloudSearchTest.java:218)
	at sun.reflect.NativeMethodAccessorImpl.invoke0(Native Method)
	at sun.reflect.NativeMethodAccessorImpl.invoke(NativeMethodAccessorImpl.java:62)
	at sun.reflect.DelegatingMethodAccessorImpl.invoke(DelegatingMethodAccessorImpl.java:43)
	at java.lang.reflect.Method.invoke(Method.java:483)
	at org.junit.runners.model.FrameworkMethod$1.runReflectiveCall(FrameworkMethod.java:44)
	at org.junit.internal.runners.model.ReflectiveCallable.run(ReflectiveCallable.java:15)
	at org.junit.runners.model.FrameworkMethod.invokeExplosively(FrameworkMethod.java:41)
	at org.junit.internal.runners.statements.InvokeMethod.evaluate(InvokeMethod.java:20)
	at org.junit.internal.runners.statements.FailOnTimeout$1.run(FailOnTimeout.java:28)

