<?xml version="1.0" encoding="UTF-8" ?>
<testsuite tests="40" failures="12" name="io.cloudboost.QueueTest" time="40.807" errors="1" skipped="0">
  <properties>
    <property name="java.runtime.name" value="Java(TM) SE Runtime Environment"/>
    <property name="sun.boot.library.path" value="C:\Program Files\jdk1.8.0_05\jre\bin"/>
    <property name="java.vm.version" value="25.5-b02"/>
    <property name="java.vm.vendor" value="Oracle Corporation"/>
    <property name="maven.multiModuleProjectDirectory" value="E:\Engineer\programming\projects\javaSDK\git_repo"/>
    <property name="java.vendor.url" value="http://java.oracle.com/"/>
    <property name="path.separator" value=";"/>
    <property name="guice.disable.misplaced.annotation.check" value="true"/>
    <property name="java.vm.name" value="Java HotSpot(TM) Client VM"/>
    <property name="file.encoding.pkg" value="sun.io"/>
    <property name="user.script" value=""/>
    <property name="user.country" value="US"/>
    <property name="sun.java.launcher" value="SUN_STANDARD"/>
    <property name="sun.os.patch.level" value=""/>
    <property name="java.vm.specification.name" value="Java Virtual Machine Specification"/>
    <property name="user.dir" value="E:\Engineer\programming\projects\javaSDK\git_repo"/>
    <property name="java.runtime.version" value="1.8.0_05-b13"/>
    <property name="java.awt.graphicsenv" value="sun.awt.Win32GraphicsEnvironment"/>
    <property name="java.endorsed.dirs" value="C:\Program Files\jdk1.8.0_05\jre\lib\endorsed"/>
    <property name="os.arch" value="x86"/>
    <property name="java.io.tmpdir" value="C:\Users\new\AppData\Local\Temp\"/>
    <property name="line.separator" value="
"/>
    <property name="java.vm.specification.vendor" value="Oracle Corporation"/>
    <property name="user.variant" value=""/>
    <property name="os.name" value="Windows 8.1"/>
    <property name="classworlds.conf" value="C:\Program Files (x86)\apache-maven-3.3.3\bin\..\bin\m2.conf"/>
    <property name="sun.jnu.encoding" value="Cp1252"/>
    <property name="java.library.path" value="C:\Program Files\jdk1.8.0_05\bin;C:\Windows\Sun\Java\bin;C:\Windows\system32;C:\Windows;C:\ProgramData\Oracle\Java\javapath;C:\oraclexe\app\oracle\product\11.2.0\server\bin;;C:\Program Files (x86)\Intel\iCLS Client\;C:\Program Files\Intel\iCLS Client\;C:\Windows\system32;C:\Windows;C:\Windows\System32\Wbem;C:\Windows\System32\WindowsPowerShell\v1.0\;C:\Program Files\Intel\Intel(R) Management Engine Components\DAL;C:\Program Files\Intel\Intel(R) Management Engine Components\IPT;C:\Program Files (x86)\Intel\Intel(R) Management Engine Components\DAL;C:\Program Files (x86)\Intel\Intel(R) Management Engine Components\IPT;C:\Program Files\Intel\WiFi\bin\;C:\Program Files\Common Files\Intel\WirelessCommon\;C:\Program Files (x86)\GNU\GnuPG\pub;C:\Program Files (x86)\Microsoft SQL Server\100\Tools\Binn\;C:\Program Files\Microsoft SQL Server\100\Tools\Binn\;C:\Program Files\Microsoft SQL Server\100\DTS\Binn\;C:\Program Files (x86)\Skype\Phone\;C:\Program Files\nodejs\;C:\Program Files\MySQL\MySQL Server 5.6\bin;C:\Program Files (x86)\apache-ant-1.9.6\bin;C:\Program Files\jdk1.8.0_05\bin;E:\Engineer\eclipse\android-sdk-windows\tools;E:\Engineer\eclipse\android-sdk-windows\platform-tools;C:\Program Files\jdk1.8.0_05\bin;C:\Program Files\MongoDB\Server\3.0\bin;E:\Engineer\eclipse\eclipse;E:\Engineer\eclipse\myeclipse;C:\Program Files (x86)\apache-maven-3.3.3\bin;C:\Program Files (x86)\GNU\GnuPG;C:\Program Files\openssl-0.9.8k_X64\bin;C:\Program Files\nodejs;C:\Users\new\AppData\Roaming\npm;C:\Program Files\Wireshark;."/>
    <property name="java.specification.name" value="Java Platform API Specification"/>
    <property name="java.class.version" value="52.0"/>
    <property name="sun.management.compiler" value="HotSpot Client Compiler"/>
    <property name="os.version" value="6.3"/>
    <property name="user.home" value="C:\Users\new"/>
    <property name="user.timezone" value="Africa/Nairobi"/>
    <property name="java.awt.printerjob" value="sun.awt.windows.WPrinterJob"/>
    <property name="java.specification.version" value="1.8"/>
    <property name="file.encoding" value="Cp1252"/>
    <property name="user.name" value="new"/>
    <property name="java.class.path" value="C:\Program Files (x86)\apache-maven-3.3.3\bin\..\boot\plexus-classworlds-2.5.2.jar"/>
    <property name="java.vm.specification.version" value="1.8"/>
    <property name="sun.arch.data.model" value="32"/>
    <property name="java.home" value="C:\Program Files\jdk1.8.0_05\jre"/>
    <property name="sun.java.command" value="org.codehaus.plexus.classworlds.launcher.Launcher test"/>
    <property name="java.specification.vendor" value="Oracle Corporation"/>
    <property name="user.language" value="en"/>
    <property name="awt.toolkit" value="sun.awt.windows.WToolkit"/>
    <property name="java.vm.info" value="mixed mode"/>
    <property name="java.version" value="1.8.0_05"/>
    <property name="java.ext.dirs" value="C:\Program Files\jdk1.8.0_05\jre\lib\ext;C:\Windows\Sun\Java\lib\ext"/>
    <property name="sun.boot.class.path" value="C:\Program Files\jdk1.8.0_05\jre\lib\resources.jar;C:\Program Files\jdk1.8.0_05\jre\lib\rt.jar;C:\Program Files\jdk1.8.0_05\jre\lib\sunrsasign.jar;C:\Program Files\jdk1.8.0_05\jre\lib\jsse.jar;C:\Program Files\jdk1.8.0_05\jre\lib\jce.jar;C:\Program Files\jdk1.8.0_05\jre\lib\charsets.jar;C:\Program Files\jdk1.8.0_05\jre\lib\jfr.jar;C:\Program Files\jdk1.8.0_05\jre\classes"/>
    <property name="sun.stderr.encoding" value="cp437"/>
    <property name="java.vendor" value="Oracle Corporation"/>
    <property name="maven.home" value="C:\Program Files (x86)\apache-maven-3.3.3\bin\.."/>
    <property name="file.separator" value="\"/>
    <property name="java.vendor.url.bug" value="http://bugreport.sun.com/bugreport/"/>
    <property name="sun.cpu.endian" value="little"/>
    <property name="sun.io.unicode.encoding" value="UnicodeLittle"/>
    <property name="sun.stdout.encoding" value="cp437"/>
    <property name="sun.desktop" value="windows"/>
    <property name="sun.cpu.isalist" value="pentium_pro+mmx pentium_pro pentium+mmx pentium i486 i386 i86"/>
  </properties>
  <testcase classname="io.cloudboost.QueueTest" name="push" time="0.691"/>
  <testcase classname="io.cloudboost.QueueTest" name="shouldDeleteSubscriber" time="0.589"/>
  <testcase classname="io.cloudboost.QueueTest" name="pullMessageAfterTimeout" time="1.08">
    <failure message="Not Found" type="junit.framework.AssertionFailedError">junit.framework.AssertionFailedError: Not Found
	at junit.framework.Assert.fail(Assert.java:47)
	at io.cloudboost.QueueTest$36$1.done(QueueTest.java:1166)
	at io.cloudboost.CloudQueue.pull(CloudQueue.java:803)
	at io.cloudboost.QueueTest$36.done(QueueTest.java:1161)
	at io.cloudboost.CloudQueue.push(CloudQueue.java:720)
	at io.cloudboost.QueueTest.pullMessageAfterTimeout(QueueTest.java:1153)
	at sun.reflect.NativeMethodAccessorImpl.invoke0(Native Method)
	at sun.reflect.NativeMethodAccessorImpl.invoke(NativeMethodAccessorImpl.java:62)
	at sun.reflect.DelegatingMethodAccessorImpl.invoke(DelegatingMethodAccessorImpl.java:43)
	at java.lang.reflect.Method.invoke(Method.java:483)
	at org.junit.runners.model.FrameworkMethod$1.runReflectiveCall(FrameworkMethod.java:44)
	at org.junit.internal.runners.model.ReflectiveCallable.run(ReflectiveCallable.java:15)
	at org.junit.runners.model.FrameworkMethod.invokeExplosively(FrameworkMethod.java:41)
	at org.junit.internal.runners.statements.InvokeMethod.evaluate(InvokeMethod.java:20)
	at org.junit.internal.runners.statements.FailOnTimeout$1.run(FailOnTimeout.java:28)
</failure>
  </testcase>
  <testcase classname="io.cloudboost.QueueTest" name="deleteByMessageObject" time="1.099"/>
  <testcase classname="io.cloudboost.QueueTest" name="pushAndPullSameMessage" time="0.452">
    <failure message="null expected:&lt;[Not Found]&gt; but was:&lt;[Object Validation Failure]&gt;" type="junit.framework.ComparisonFailure">junit.framework.ComparisonFailure: null expected:&lt;[Not Found]&gt; but was:&lt;[Object Validation Failure]&gt;
	at junit.framework.Assert.assertEquals(Assert.java:81)
	at junit.framework.Assert.assertEquals(Assert.java:87)
	at io.cloudboost.QueueTest$7.done(QueueTest.java:184)
	at io.cloudboost.CloudQueue.pull(CloudQueue.java:803)
	at io.cloudboost.QueueTest.pushAndPullSameMessage(QueueTest.java:178)
	at sun.reflect.NativeMethodAccessorImpl.invoke0(Native Method)
	at sun.reflect.NativeMethodAccessorImpl.invoke(NativeMethodAccessorImpl.java:62)
	at sun.reflect.DelegatingMethodAccessorImpl.invoke(DelegatingMethodAccessorImpl.java:43)
	at java.lang.reflect.Method.invoke(Method.java:483)
	at org.junit.runners.model.FrameworkMethod$1.runReflectiveCall(FrameworkMethod.java:44)
	at org.junit.internal.runners.model.ReflectiveCallable.run(ReflectiveCallable.java:15)
	at org.junit.runners.model.FrameworkMethod.invokeExplosively(FrameworkMethod.java:41)
	at org.junit.internal.runners.statements.InvokeMethod.evaluate(InvokeMethod.java:20)
	at org.junit.internal.runners.statements.FailOnTimeout$1.run(FailOnTimeout.java:28)
</failure>
  </testcase>
  <testcase classname="io.cloudboost.QueueTest" name="shouldUpdateQueue" time="0.618"/>
  <testcase classname="io.cloudboost.QueueTest" name="shouldNotGetAfterDelete" time="1.54"/>
  <testcase classname="io.cloudboost.QueueTest" name="shouldGetMessageById" time="1.13"/>
  <testcase classname="io.cloudboost.QueueTest" name="shouldPeekTwoMessages" time="1.75">
    <failure message="Not Found" type="junit.framework.AssertionFailedError">junit.framework.AssertionFailedError: Not Found
	at junit.framework.Assert.fail(Assert.java:47)
	at io.cloudboost.QueueTest$12$1$1.done(QueueTest.java:417)
	at io.cloudboost.CloudQueue.peek(CloudQueue.java:232)
	at io.cloudboost.QueueTest$12$1.done(QueueTest.java:412)
	at io.cloudboost.CloudQueue.push(CloudQueue.java:720)
	at io.cloudboost.QueueTest$12.done(QueueTest.java:408)
	at io.cloudboost.CloudQueue.push(CloudQueue.java:720)
	at io.cloudboost.QueueTest.shouldPeekTwoMessages(QueueTest.java:400)
	at sun.reflect.NativeMethodAccessorImpl.invoke0(Native Method)
	at sun.reflect.NativeMethodAccessorImpl.invoke(NativeMethodAccessorImpl.java:62)
	at sun.reflect.DelegatingMethodAccessorImpl.invoke(DelegatingMethodAccessorImpl.java:43)
	at java.lang.reflect.Method.invoke(Method.java:483)
	at org.junit.runners.model.FrameworkMethod$1.runReflectiveCall(FrameworkMethod.java:44)
	at org.junit.internal.runners.model.ReflectiveCallable.run(ReflectiveCallable.java:15)
	at org.junit.runners.model.FrameworkMethod.invokeExplosively(FrameworkMethod.java:41)
	at org.junit.internal.runners.statements.InvokeMethod.evaluate(InvokeMethod.java:20)
	at org.junit.internal.runners.statements.FailOnTimeout$1.run(FailOnTimeout.java:28)
</failure>
  </testcase>
  <testcase classname="io.cloudboost.QueueTest" name="getMessagesInFIFO" time="1.709">
    <failure message="Not Found" type="junit.framework.AssertionFailedError">junit.framework.AssertionFailedError: Not Found
	at junit.framework.Assert.fail(Assert.java:47)
	at io.cloudboost.QueueTest$10$1$1.done(QueueTest.java:291)
	at io.cloudboost.CloudQueue.pull(CloudQueue.java:803)
	at io.cloudboost.QueueTest$10$1.done(QueueTest.java:282)
	at io.cloudboost.CloudQueue.push(CloudQueue.java:720)
	at io.cloudboost.QueueTest$10.done(QueueTest.java:272)
	at io.cloudboost.CloudQueue.push(CloudQueue.java:720)
	at io.cloudboost.QueueTest.getMessagesInFIFO(QueueTest.java:263)
	at sun.reflect.NativeMethodAccessorImpl.invoke0(Native Method)
	at sun.reflect.NativeMethodAccessorImpl.invoke(NativeMethodAccessorImpl.java:62)
	at sun.reflect.DelegatingMethodAccessorImpl.invoke(DelegatingMethodAccessorImpl.java:43)
	at java.lang.reflect.Method.invoke(Method.java:483)
	at org.junit.runners.model.FrameworkMethod$1.runReflectiveCall(FrameworkMethod.java:44)
	at org.junit.internal.runners.model.ReflectiveCallable.run(ReflectiveCallable.java:15)
	at org.junit.runners.model.FrameworkMethod.invokeExplosively(FrameworkMethod.java:41)
	at org.junit.internal.runners.statements.InvokeMethod.evaluate(InvokeMethod.java:20)
	at org.junit.internal.runners.statements.FailOnTimeout$1.run(FailOnTimeout.java:28)
</failure>
  </testcase>
  <testcase classname="io.cloudboost.QueueTest" name="shouldDeleteTheQueue" time="1.702"/>
  <testcase classname="io.cloudboost.QueueTest" name="shouldGetQueueByName" time="1.159"/>
  <testcase classname="io.cloudboost.QueueTest" name="shouldDeleteQueueByName" time="0.521">
    <failure message="A JSONObject text must begin with &apos;{&apos; at 1 [character 2 line 1]" type="junit.framework.AssertionFailedError">junit.framework.AssertionFailedError: A JSONObject text must begin with &apos;{&apos; at 1 [character 2 line 1]
	at junit.framework.Assert.fail(Assert.java:47)
	at io.cloudboost.QueueTest$27.done(QueueTest.java:871)
	at io.cloudboost.CloudQueue.deleteQueue(CloudQueue.java:767)
	at io.cloudboost.CloudQueue.deleteQueue(CloudQueue.java:859)
	at io.cloudboost.QueueTest.shouldDeleteQueueByName(QueueTest.java:866)
	at sun.reflect.NativeMethodAccessorImpl.invoke0(Native Method)
	at sun.reflect.NativeMethodAccessorImpl.invoke(NativeMethodAccessorImpl.java:62)
	at sun.reflect.DelegatingMethodAccessorImpl.invoke(DelegatingMethodAccessorImpl.java:43)
	at java.lang.reflect.Method.invoke(Method.java:483)
	at org.junit.runners.model.FrameworkMethod$1.runReflectiveCall(FrameworkMethod.java:44)
	at org.junit.internal.runners.model.ReflectiveCallable.run(ReflectiveCallable.java:15)
	at org.junit.runners.model.FrameworkMethod.invokeExplosively(FrameworkMethod.java:41)
	at org.junit.internal.runners.statements.InvokeMethod.evaluate(InvokeMethod.java:20)
	at org.junit.internal.runners.statements.FailOnTimeout$1.run(FailOnTimeout.java:28)
</failure>
  </testcase>
  <testcase classname="io.cloudboost.QueueTest" name="pullMessageAfterDelay" time="3.249">
    <failure message="Not Found" type="junit.framework.AssertionFailedError">junit.framework.AssertionFailedError: Not Found
	at junit.framework.Assert.fail(Assert.java:47)
	at io.cloudboost.QueueTest$35$1.done(QueueTest.java:1130)
	at io.cloudboost.CloudQueue.pull(CloudQueue.java:803)
	at io.cloudboost.QueueTest$35.done(QueueTest.java:1125)
	at io.cloudboost.CloudQueue.push(CloudQueue.java:720)
	at io.cloudboost.QueueTest.pullMessageAfterDelay(QueueTest.java:1109)
	at sun.reflect.NativeMethodAccessorImpl.invoke0(Native Method)
	at sun.reflect.NativeMethodAccessorImpl.invoke(NativeMethodAccessorImpl.java:62)
	at sun.reflect.DelegatingMethodAccessorImpl.invoke(DelegatingMethodAccessorImpl.java:43)
	at java.lang.reflect.Method.invoke(Method.java:483)
	at org.junit.runners.model.FrameworkMethod$1.runReflectiveCall(FrameworkMethod.java:44)
	at org.junit.internal.runners.model.ReflectiveCallable.run(ReflectiveCallable.java:15)
	at org.junit.runners.model.FrameworkMethod.invokeExplosively(FrameworkMethod.java:41)
	at org.junit.internal.runners.statements.InvokeMethod.evaluate(InvokeMethod.java:20)
	at org.junit.internal.runners.statements.FailOnTimeout$1.run(FailOnTimeout.java:28)
</failure>
  </testcase>
  <testcase classname="io.cloudboost.QueueTest" name="pushDuplicateMessages" time="1.5"/>
  <testcase classname="io.cloudboost.QueueTest" name="dontAllowEmptyQueueName" time="0.001"/>
  <testcase classname="io.cloudboost.QueueTest" name="refreshMessageTimeoutSpecifiedTimeout" time="1.088"/>
  <testcase classname="io.cloudboost.QueueTest" name="refreshMessageTimeoutUnSpecifiedTimeout" time="1.161"/>
  <testcase classname="io.cloudboost.QueueTest" name="pushMessageArray" time="2.411"/>
  <testcase classname="io.cloudboost.QueueTest" name="shouldGetQueue" time="0.79">
    <failure type="junit.framework.AssertionFailedError:">junit.framework.AssertionFailedError: null
	at junit.framework.Assert.fail(Assert.java:47)
	at junit.framework.Assert.assertTrue(Assert.java:20)
	at junit.framework.Assert.assertTrue(Assert.java:27)
	at io.cloudboost.QueueTest$30.done(QueueTest.java:969)
	at io.cloudboost.CloudQueue.get(CloudQueue.java:914)
	at io.cloudboost.QueueTest.shouldGetQueue(QueueTest.java:959)
	at sun.reflect.NativeMethodAccessorImpl.invoke0(Native Method)
	at sun.reflect.NativeMethodAccessorImpl.invoke(NativeMethodAccessorImpl.java:62)
	at sun.reflect.DelegatingMethodAccessorImpl.invoke(DelegatingMethodAccessorImpl.java:43)
	at java.lang.reflect.Method.invoke(Method.java:483)
	at org.junit.runners.model.FrameworkMethod$1.runReflectiveCall(FrameworkMethod.java:44)
	at org.junit.internal.runners.model.ReflectiveCallable.run(ReflectiveCallable.java:15)
	at org.junit.runners.model.FrameworkMethod.invokeExplosively(FrameworkMethod.java:41)
	at org.junit.internal.runners.statements.InvokeMethod.evaluate(InvokeMethod.java:20)
	at org.junit.internal.runners.statements.FailOnTimeout$1.run(FailOnTimeout.java:28)
</failure>
  </testcase>
  <testcase classname="io.cloudboost.QueueTest" name="deleteById" time="1.641"/>
  <testcase classname="io.cloudboost.QueueTest" name="shouldPeek" time="0.366">
    <failure message="null expected:&lt;[Not Found]&gt; but was:&lt;[Object Validation Failure]&gt;" type="junit.framework.ComparisonFailure">junit.framework.ComparisonFailure: null expected:&lt;[Not Found]&gt; but was:&lt;[Object Validation Failure]&gt;
	at junit.framework.Assert.assertEquals(Assert.java:81)
	at junit.framework.Assert.assertEquals(Assert.java:87)
	at io.cloudboost.QueueTest$9.done(QueueTest.java:246)
	at io.cloudboost.CloudQueue.peek(CloudQueue.java:232)
	at io.cloudboost.QueueTest.shouldPeek(QueueTest.java:241)
	at sun.reflect.NativeMethodAccessorImpl.invoke0(Native Method)
	at sun.reflect.NativeMethodAccessorImpl.invoke(NativeMethodAccessorImpl.java:62)
	at sun.reflect.DelegatingMethodAccessorImpl.invoke(DelegatingMethodAccessorImpl.java:43)
	at java.lang.reflect.Method.invoke(Method.java:483)
	at org.junit.runners.model.FrameworkMethod$1.runReflectiveCall(FrameworkMethod.java:44)
	at org.junit.internal.runners.model.ReflectiveCallable.run(ReflectiveCallable.java:15)
	at org.junit.runners.model.FrameworkMethod.invokeExplosively(FrameworkMethod.java:41)
	at org.junit.internal.runners.statements.InvokeMethod.evaluate(InvokeMethod.java:20)
	at org.junit.internal.runners.statements.FailOnTimeout$1.run(FailOnTimeout.java:28)
</failure>
  </testcase>
  <testcase classname="io.cloudboost.QueueTest" name="shoulGetAll" time="5.529"/>
  <testcase classname="io.cloudboost.QueueTest" name="pushArray" time="0.497"/>
  <testcase classname="io.cloudboost.QueueTest" name="shouldClearQueue" time="0.724"/>
  <testcase classname="io.cloudboost.QueueTest" name="noPushNull" time="0.001"/>
  <testcase classname="io.cloudboost.QueueTest" name="shouldPeekTwo" time="1.341">
    <failure message="null expected:&lt;[Not Found]&gt; but was:&lt;[Object Validation Failure]&gt;" type="junit.framework.ComparisonFailure">junit.framework.ComparisonFailure: null expected:&lt;[Not Found]&gt; but was:&lt;[Object Validation Failure]&gt;
	at junit.framework.Assert.assertEquals(Assert.java:81)
	at junit.framework.Assert.assertEquals(Assert.java:87)
	at io.cloudboost.QueueTest$11$1$1.done(QueueTest.java:367)
	at io.cloudboost.CloudQueue.peek(CloudQueue.java:232)
	at io.cloudboost.QueueTest$11$1.done(QueueTest.java:358)
	at io.cloudboost.CloudQueue.push(CloudQueue.java:720)
	at io.cloudboost.QueueTest$11.done(QueueTest.java:348)
	at io.cloudboost.CloudQueue.push(CloudQueue.java:720)
	at io.cloudboost.QueueTest.shouldPeekTwo(QueueTest.java:339)
	at sun.reflect.NativeMethodAccessorImpl.invoke0(Native Method)
	at sun.reflect.NativeMethodAccessorImpl.invoke(NativeMethodAccessorImpl.java:62)
	at sun.reflect.DelegatingMethodAccessorImpl.invoke(DelegatingMethodAccessorImpl.java:43)
	at java.lang.reflect.Method.invoke(Method.java:483)
	at org.junit.runners.model.FrameworkMethod$1.runReflectiveCall(FrameworkMethod.java:44)
	at org.junit.internal.runners.model.ReflectiveCallable.run(ReflectiveCallable.java:15)
	at org.junit.runners.model.FrameworkMethod.invokeExplosively(FrameworkMethod.java:41)
	at org.junit.internal.runners.statements.InvokeMethod.evaluate(InvokeMethod.java:20)
	at org.junit.internal.runners.statements.FailOnTimeout$1.run(FailOnTimeout.java:28)
</failure>
  </testcase>
  <testcase classname="io.cloudboost.QueueTest" name="shouldPullTwo" time="0.319">
    <failure message="Not Found" type="junit.framework.AssertionFailedError">junit.framework.AssertionFailedError: Not Found
	at junit.framework.Assert.fail(Assert.java:47)
	at io.cloudboost.QueueTest$13.done(QueueTest.java:450)
	at io.cloudboost.CloudQueue.pull(CloudQueue.java:803)
	at io.cloudboost.QueueTest.shouldPullTwo(QueueTest.java:441)
	at sun.reflect.NativeMethodAccessorImpl.invoke0(Native Method)
	at sun.reflect.NativeMethodAccessorImpl.invoke(NativeMethodAccessorImpl.java:62)
	at sun.reflect.DelegatingMethodAccessorImpl.invoke(DelegatingMethodAccessorImpl.java:43)
	at java.lang.reflect.Method.invoke(Method.java:483)
	at org.junit.runners.model.FrameworkMethod$1.runReflectiveCall(FrameworkMethod.java:44)
	at org.junit.internal.runners.model.ReflectiveCallable.run(ReflectiveCallable.java:15)
	at org.junit.runners.model.FrameworkMethod.invokeExplosively(FrameworkMethod.java:41)
	at org.junit.internal.runners.statements.InvokeMethod.evaluate(InvokeMethod.java:20)
	at org.junit.internal.runners.statements.FailOnTimeout$1.run(FailOnTimeout.java:28)
</failure>
  </testcase>
  <testcase classname="io.cloudboost.QueueTest" name="shouldAddMultiplerSubscribers" time="0.339"/>
  <testcase classname="io.cloudboost.QueueTest" name="shouldAddandRemoveSubscriber" time="0.692"/>
  <testcase classname="io.cloudboost.QueueTest" name="shouldNotGetInexistentQueue" time="0.328"/>
  <testcase classname="io.cloudboost.QueueTest" name="shouldNotGetTheQueueWithNullName" time="0.691"/>
  <testcase classname="io.cloudboost.QueueTest" name="shouldDeleteMultipleSubscribers" time="0.339"/>
  <testcase classname="io.cloudboost.QueueTest" name="shouldNotPullFromInexistentQueue" time="0.321"/>
  <testcase classname="io.cloudboost.QueueTest" name="shoulNotPullSameMessageTwice" time="0.719">
    <failure message="Not Found" type="junit.framework.AssertionFailedError">junit.framework.AssertionFailedError: Not Found
	at junit.framework.Assert.fail(Assert.java:47)
	at io.cloudboost.QueueTest$16$1.done(QueueTest.java:538)
	at io.cloudboost.CloudQueue.pull(CloudQueue.java:803)
	at io.cloudboost.QueueTest$16.done(QueueTest.java:532)
	at io.cloudboost.CloudQueue.push(CloudQueue.java:720)
	at io.cloudboost.QueueTest.shoulNotPullSameMessageTwice(QueueTest.java:525)
	at sun.reflect.NativeMethodAccessorImpl.invoke0(Native Method)
	at sun.reflect.NativeMethodAccessorImpl.invoke(NativeMethodAccessorImpl.java:62)
	at sun.reflect.DelegatingMethodAccessorImpl.invoke(DelegatingMethodAccessorImpl.java:43)
	at java.lang.reflect.Method.invoke(Method.java:483)
	at org.junit.runners.model.FrameworkMethod$1.runReflectiveCall(FrameworkMethod.java:44)
	at org.junit.internal.runners.model.ReflectiveCallable.run(ReflectiveCallable.java:15)
	at org.junit.runners.model.FrameworkMethod.invokeExplosively(FrameworkMethod.java:41)
	at org.junit.internal.runners.statements.InvokeMethod.evaluate(InvokeMethod.java:20)
	at org.junit.internal.runners.statements.FailOnTimeout$1.run(FailOnTimeout.java:28)
</failure>
  </testcase>
  <testcase classname="io.cloudboost.QueueTest" name="shouldAddSubscriberToQueue" time="0.345"/>
  <testcase classname="io.cloudboost.QueueTest" name="shouldGetNullForWrongMessageById" time="0.325"/>
  <testcase classname="io.cloudboost.QueueTest" name="shouldNotSubscribeInvalidUrl" time="0.492">
    <failure message="Should not save subscriber with invalid url" type="junit.framework.AssertionFailedError">junit.framework.AssertionFailedError: Should not save subscriber with invalid url
	at junit.framework.Assert.fail(Assert.java:47)
	at io.cloudboost.QueueTest$25.done(QueueTest.java:807)
	at io.cloudboost.CloudQueue.addSubscriber(CloudQueue.java:518)
	at io.cloudboost.QueueTest.shouldNotSubscribeInvalidUrl(QueueTest.java:800)
	at sun.reflect.NativeMethodAccessorImpl.invoke0(Native Method)
	at sun.reflect.NativeMethodAccessorImpl.invoke(NativeMethodAccessorImpl.java:62)
	at sun.reflect.DelegatingMethodAccessorImpl.invoke(DelegatingMethodAccessorImpl.java:43)
	at java.lang.reflect.Method.invoke(Method.java:483)
	at org.junit.runners.model.FrameworkMethod$1.runReflectiveCall(FrameworkMethod.java:44)
	at org.junit.internal.runners.model.ReflectiveCallable.run(ReflectiveCallable.java:15)
	at org.junit.runners.model.FrameworkMethod.invokeExplosively(FrameworkMethod.java:41)
	at org.junit.internal.runners.statements.InvokeMethod.evaluate(InvokeMethod.java:20)
	at org.junit.internal.runners.statements.FailOnTimeout$1.run(FailOnTimeout.java:28)
</failure>
  </testcase>
  <testcase classname="io.cloudboost.QueueTest" name="shouldNotPullMessageWithDelay" time="0.777"/>
  <testcase classname="io.cloudboost.QueueTest" name="refreshMessageTimeoutPulledMessage" time="0.781">
    <error type="java.lang.NullPointerException">java.lang.NullPointerException
	at io.cloudboost.QueueTest$37$1.done(QueueTest.java:1221)
	at io.cloudboost.CloudQueue.pull(CloudQueue.java:803)
	at io.cloudboost.QueueTest$37.done(QueueTest.java:1217)
	at io.cloudboost.CloudQueue.push(CloudQueue.java:720)
	at io.cloudboost.QueueTest.refreshMessageTimeoutPulledMessage(QueueTest.java:1209)
	at sun.reflect.NativeMethodAccessorImpl.invoke0(Native Method)
	at sun.reflect.NativeMethodAccessorImpl.invoke(NativeMethodAccessorImpl.java:62)
	at sun.reflect.DelegatingMethodAccessorImpl.invoke(DelegatingMethodAccessorImpl.java:43)
	at java.lang.reflect.Method.invoke(Method.java:483)
	at org.junit.runners.model.FrameworkMethod$1.runReflectiveCall(FrameworkMethod.java:44)
	at org.junit.internal.runners.model.ReflectiveCallable.run(ReflectiveCallable.java:15)
	at org.junit.runners.model.FrameworkMethod.invokeExplosively(FrameworkMethod.java:41)
	at org.junit.internal.runners.statements.InvokeMethod.evaluate(InvokeMethod.java:20)
	at org.junit.internal.runners.statements.FailOnTimeout$1.run(FailOnTimeout.java:28)
</error>
  </testcase>
</testsuite>