<?xml version="1.0" encoding="UTF-8" ?>
<testsuite tests="40" failures="10" name="io.cloudboost.CloudQueueTest" time="33.327" errors="1" skipped="0">
  <properties>
    <property name="java.runtime.name" value="Java(TM) SE Runtime Environment"/>
    <property name="sun.boot.library.path" value="C:\Program Files\jdk1.8.0_05\jre\bin"/>
    <property name="java.vm.version" value="25.5-b02"/>
    <property name="java.vm.vendor" value="Oracle Corporation"/>
    <property name="maven.multiModuleProjectDirectory" value="E:\Engineer\programming\projects\javaSDK\git_repo"/>
    <property name="java.vendor.url" value="http://java.oracle.com/"/>
    <property name="path.separator" value=";"/>
    <property name="guice.disable.misplaced.annotation.check" value="true"/>
    <property name="java.vm.name" value="Java HotSpot(TM) Client VM"/>
    <property name="file.encoding.pkg" value="sun.io"/>
    <property name="user.script" value=""/>
    <property name="user.country" value="US"/>
    <property name="sun.java.launcher" value="SUN_STANDARD"/>
    <property name="sun.os.patch.level" value=""/>
    <property name="java.vm.specification.name" value="Java Virtual Machine Specification"/>
    <property name="user.dir" value="E:\Engineer\programming\projects\javaSDK\git_repo"/>
    <property name="java.runtime.version" value="1.8.0_05-b13"/>
    <property name="java.awt.graphicsenv" value="sun.awt.Win32GraphicsEnvironment"/>
    <property name="java.endorsed.dirs" value="C:\Program Files\jdk1.8.0_05\jre\lib\endorsed"/>
    <property name="os.arch" value="x86"/>
    <property name="java.io.tmpdir" value="C:\Users\new\AppData\Local\Temp\"/>
    <property name="line.separator" value="
"/>
    <property name="java.vm.specification.vendor" value="Oracle Corporation"/>
    <property name="user.variant" value=""/>
    <property name="os.name" value="Windows 8.1"/>
    <property name="classworlds.conf" value="C:\Program Files (x86)\apache-maven-3.3.3\bin\..\bin\m2.conf"/>
    <property name="sun.jnu.encoding" value="Cp1252"/>
    <property name="java.library.path" value="C:\Program Files\jdk1.8.0_05\bin;C:\Windows\Sun\Java\bin;C:\Windows\system32;C:\Windows;C:\ProgramData\Oracle\Java\javapath;C:\oraclexe\app\oracle\product\11.2.0\server\bin;;C:\Program Files (x86)\Intel\iCLS Client\;C:\Program Files\Intel\iCLS Client\;C:\Windows\system32;C:\Windows;C:\Windows\System32\Wbem;C:\Windows\System32\WindowsPowerShell\v1.0\;C:\Program Files\Intel\Intel(R) Management Engine Components\DAL;C:\Program Files\Intel\Intel(R) Management Engine Components\IPT;C:\Program Files (x86)\Intel\Intel(R) Management Engine Components\DAL;C:\Program Files (x86)\Intel\Intel(R) Management Engine Components\IPT;C:\Program Files\Intel\WiFi\bin\;C:\Program Files\Common Files\Intel\WirelessCommon\;C:\Program Files (x86)\GNU\GnuPG\pub;C:\Program Files (x86)\Microsoft SQL Server\100\Tools\Binn\;C:\Program Files\Microsoft SQL Server\100\Tools\Binn\;C:\Program Files\Microsoft SQL Server\100\DTS\Binn\;C:\Program Files (x86)\Skype\Phone\;C:\Program Files\nodejs\;C:\Program Files\MySQL\MySQL Server 5.6\bin;C:\Program Files (x86)\apache-ant-1.9.6\bin;C:\Program Files\jdk1.8.0_05\bin;E:\Engineer\eclipse\android-sdk-windows\tools;E:\Engineer\eclipse\android-sdk-windows\platform-tools;C:\Program Files\jdk1.8.0_05\bin;C:\Program Files\MongoDB\Server\3.0\bin;E:\Engineer\eclipse\eclipse;E:\Engineer\eclipse\myeclipse;C:\Program Files (x86)\apache-maven-3.3.3\bin;C:\Program Files (x86)\GNU\GnuPG;C:\Program Files\openssl-0.9.8k_X64\bin;C:\Program Files\nodejs;C:\Users\new\AppData\Roaming\npm;C:\Program Files\Wireshark;."/>
    <property name="java.specification.name" value="Java Platform API Specification"/>
    <property name="java.class.version" value="52.0"/>
    <property name="sun.management.compiler" value="HotSpot Client Compiler"/>
    <property name="os.version" value="6.3"/>
    <property name="user.home" value="C:\Users\new"/>
    <property name="user.timezone" value="Africa/Nairobi"/>
    <property name="java.awt.printerjob" value="sun.awt.windows.WPrinterJob"/>
    <property name="java.specification.version" value="1.8"/>
    <property name="file.encoding" value="Cp1252"/>
    <property name="user.name" value="new"/>
    <property name="java.class.path" value="C:\Program Files (x86)\apache-maven-3.3.3\bin\..\boot\plexus-classworlds-2.5.2.jar"/>
    <property name="java.vm.specification.version" value="1.8"/>
    <property name="sun.arch.data.model" value="32"/>
    <property name="java.home" value="C:\Program Files\jdk1.8.0_05\jre"/>
    <property name="sun.java.command" value="org.codehaus.plexus.classworlds.launcher.Launcher test"/>
    <property name="java.specification.vendor" value="Oracle Corporation"/>
    <property name="user.language" value="en"/>
    <property name="awt.toolkit" value="sun.awt.windows.WToolkit"/>
    <property name="java.vm.info" value="mixed mode"/>
    <property name="java.version" value="1.8.0_05"/>
    <property name="java.ext.dirs" value="C:\Program Files\jdk1.8.0_05\jre\lib\ext;C:\Windows\Sun\Java\lib\ext"/>
    <property name="sun.boot.class.path" value="C:\Program Files\jdk1.8.0_05\jre\lib\resources.jar;C:\Program Files\jdk1.8.0_05\jre\lib\rt.jar;C:\Program Files\jdk1.8.0_05\jre\lib\sunrsasign.jar;C:\Program Files\jdk1.8.0_05\jre\lib\jsse.jar;C:\Program Files\jdk1.8.0_05\jre\lib\jce.jar;C:\Program Files\jdk1.8.0_05\jre\lib\charsets.jar;C:\Program Files\jdk1.8.0_05\jre\lib\jfr.jar;C:\Program Files\jdk1.8.0_05\jre\classes"/>
    <property name="sun.stderr.encoding" value="cp437"/>
    <property name="java.vendor" value="Oracle Corporation"/>
    <property name="maven.home" value="C:\Program Files (x86)\apache-maven-3.3.3\bin\.."/>
    <property name="file.separator" value="\"/>
    <property name="java.vendor.url.bug" value="http://bugreport.sun.com/bugreport/"/>
    <property name="sun.cpu.endian" value="little"/>
    <property name="sun.io.unicode.encoding" value="UnicodeLittle"/>
    <property name="sun.stdout.encoding" value="cp437"/>
    <property name="sun.desktop" value="windows"/>
    <property name="sun.cpu.isalist" value="pentium_pro+mmx pentium_pro pentium+mmx pentium i486 i386 i86"/>
  </properties>
  <testcase classname="io.cloudboost.CloudQueueTest" name="push" time="0.345"/>
  <testcase classname="io.cloudboost.CloudQueueTest" name="shouldDeleteSubscriber" time="0.706"/>
  <testcase classname="io.cloudboost.CloudQueueTest" name="pullMessageAfterTimeout" time="0.654">
    <failure message="Not Found" type="junit.framework.AssertionFailedError">junit.framework.AssertionFailedError: Not Found
	at junit.framework.Assert.fail(Assert.java:47)
	at io.cloudboost.CloudQueueTest$36$1.done(CloudQueueTest.java:1304)
	at io.cloudboost.CloudQueue.pull(CloudQueue.java:803)
	at io.cloudboost.CloudQueueTest$36.done(CloudQueueTest.java:1299)
	at io.cloudboost.CloudQueue.push(CloudQueue.java:720)
	at io.cloudboost.CloudQueueTest.pullMessageAfterTimeout(CloudQueueTest.java:1291)
	at sun.reflect.NativeMethodAccessorImpl.invoke0(Native Method)
	at sun.reflect.NativeMethodAccessorImpl.invoke(NativeMethodAccessorImpl.java:62)
	at sun.reflect.DelegatingMethodAccessorImpl.invoke(DelegatingMethodAccessorImpl.java:43)
	at java.lang.reflect.Method.invoke(Method.java:483)
	at org.junit.runners.model.FrameworkMethod$1.runReflectiveCall(FrameworkMethod.java:44)
	at org.junit.internal.runners.model.ReflectiveCallable.run(ReflectiveCallable.java:15)
	at org.junit.runners.model.FrameworkMethod.invokeExplosively(FrameworkMethod.java:41)
	at org.junit.internal.runners.statements.InvokeMethod.evaluate(InvokeMethod.java:20)
	at org.junit.internal.runners.statements.FailOnTimeout$1.run(FailOnTimeout.java:28)
</failure>
  </testcase>
  <testcase classname="io.cloudboost.CloudQueueTest" name="deleteByMessageObject" time="0.681"/>
  <testcase classname="io.cloudboost.CloudQueueTest" name="pushAndPullSameMessage" time="0.66">
    <failure message="null expected:&lt;[Not Found]&gt; but was:&lt;[Object Validation Failure]&gt;" type="junit.framework.ComparisonFailure">junit.framework.ComparisonFailure: null expected:&lt;[Not Found]&gt; but was:&lt;[Object Validation Failure]&gt;
	at junit.framework.Assert.assertEquals(Assert.java:81)
	at junit.framework.Assert.assertEquals(Assert.java:87)
	at io.cloudboost.CloudQueueTest$7$1.done(CloudQueueTest.java:194)
	at io.cloudboost.CloudQueue.pull(CloudQueue.java:803)
	at io.cloudboost.CloudQueueTest$7.done(CloudQueueTest.java:188)
	at io.cloudboost.CloudQueue.push(CloudQueue.java:720)
	at io.cloudboost.CloudQueueTest.pushAndPullSameMessage(CloudQueueTest.java:178)
	at sun.reflect.NativeMethodAccessorImpl.invoke0(Native Method)
	at sun.reflect.NativeMethodAccessorImpl.invoke(NativeMethodAccessorImpl.java:62)
	at sun.reflect.DelegatingMethodAccessorImpl.invoke(DelegatingMethodAccessorImpl.java:43)
	at java.lang.reflect.Method.invoke(Method.java:483)
	at org.junit.runners.model.FrameworkMethod$1.runReflectiveCall(FrameworkMethod.java:44)
	at org.junit.internal.runners.model.ReflectiveCallable.run(ReflectiveCallable.java:15)
	at org.junit.runners.model.FrameworkMethod.invokeExplosively(FrameworkMethod.java:41)
	at org.junit.internal.runners.statements.InvokeMethod.evaluate(InvokeMethod.java:20)
	at org.junit.internal.runners.statements.FailOnTimeout$1.run(FailOnTimeout.java:28)
</failure>
  </testcase>
  <testcase classname="io.cloudboost.CloudQueueTest" name="shouldUpdateQueue" time="1.111"/>
  <testcase classname="io.cloudboost.CloudQueueTest" name="shouldNotGetAfterDelete" time="1.028"/>
  <testcase classname="io.cloudboost.CloudQueueTest" name="shouldGetMessageById" time="0.75"/>
  <testcase classname="io.cloudboost.CloudQueueTest" name="shouldPeekTwoMessages" time="1.06">
    <failure message="Not Found" type="junit.framework.AssertionFailedError">junit.framework.AssertionFailedError: Not Found
	at junit.framework.Assert.fail(Assert.java:47)
	at io.cloudboost.CloudQueueTest$12$1$1.done(CloudQueueTest.java:446)
	at io.cloudboost.CloudQueue.peek(CloudQueue.java:232)
	at io.cloudboost.CloudQueueTest$12$1.done(CloudQueueTest.java:441)
	at io.cloudboost.CloudQueue.push(CloudQueue.java:720)
	at io.cloudboost.CloudQueueTest$12.done(CloudQueueTest.java:437)
	at io.cloudboost.CloudQueue.push(CloudQueue.java:720)
	at io.cloudboost.CloudQueueTest.shouldPeekTwoMessages(CloudQueueTest.java:429)
	at sun.reflect.NativeMethodAccessorImpl.invoke0(Native Method)
	at sun.reflect.NativeMethodAccessorImpl.invoke(NativeMethodAccessorImpl.java:62)
	at sun.reflect.DelegatingMethodAccessorImpl.invoke(DelegatingMethodAccessorImpl.java:43)
	at java.lang.reflect.Method.invoke(Method.java:483)
	at org.junit.runners.model.FrameworkMethod$1.runReflectiveCall(FrameworkMethod.java:44)
	at org.junit.internal.runners.model.ReflectiveCallable.run(ReflectiveCallable.java:15)
	at org.junit.runners.model.FrameworkMethod.invokeExplosively(FrameworkMethod.java:41)
	at org.junit.internal.runners.statements.InvokeMethod.evaluate(InvokeMethod.java:20)
	at org.junit.internal.runners.statements.FailOnTimeout$1.run(FailOnTimeout.java:28)
</failure>
  </testcase>
  <testcase classname="io.cloudboost.CloudQueueTest" name="getMessagesInFIFO" time="1.39">
    <failure message="Not Found" type="junit.framework.AssertionFailedError">junit.framework.AssertionFailedError: Not Found
	at junit.framework.Assert.fail(Assert.java:47)
	at io.cloudboost.CloudQueueTest$10$1$1.done(CloudQueueTest.java:320)
	at io.cloudboost.CloudQueue.pull(CloudQueue.java:803)
	at io.cloudboost.CloudQueueTest$10$1.done(CloudQueueTest.java:311)
	at io.cloudboost.CloudQueue.push(CloudQueue.java:720)
	at io.cloudboost.CloudQueueTest$10.done(CloudQueueTest.java:301)
	at io.cloudboost.CloudQueue.push(CloudQueue.java:720)
	at io.cloudboost.CloudQueueTest.getMessagesInFIFO(CloudQueueTest.java:292)
	at sun.reflect.NativeMethodAccessorImpl.invoke0(Native Method)
	at sun.reflect.NativeMethodAccessorImpl.invoke(NativeMethodAccessorImpl.java:62)
	at sun.reflect.DelegatingMethodAccessorImpl.invoke(DelegatingMethodAccessorImpl.java:43)
	at java.lang.reflect.Method.invoke(Method.java:483)
	at org.junit.runners.model.FrameworkMethod$1.runReflectiveCall(FrameworkMethod.java:44)
	at org.junit.internal.runners.model.ReflectiveCallable.run(ReflectiveCallable.java:15)
	at org.junit.runners.model.FrameworkMethod.invokeExplosively(FrameworkMethod.java:41)
	at org.junit.internal.runners.statements.InvokeMethod.evaluate(InvokeMethod.java:20)
	at org.junit.internal.runners.statements.FailOnTimeout$1.run(FailOnTimeout.java:28)
</failure>
  </testcase>
  <testcase classname="io.cloudboost.CloudQueueTest" name="shouldDeleteTheQueue" time="0.997"/>
  <testcase classname="io.cloudboost.CloudQueueTest" name="shouldGetQueueByName" time="0.702"/>
  <testcase classname="io.cloudboost.CloudQueueTest" name="shouldDeleteQueueByName" time="1.031"/>
  <testcase classname="io.cloudboost.CloudQueueTest" name="pullMessageAfterDelay" time="2.677">
    <failure message="Not Found" type="junit.framework.AssertionFailedError">junit.framework.AssertionFailedError: Not Found
	at junit.framework.Assert.fail(Assert.java:47)
	at io.cloudboost.CloudQueueTest$35$1.done(CloudQueueTest.java:1268)
	at io.cloudboost.CloudQueue.pull(CloudQueue.java:803)
	at io.cloudboost.CloudQueueTest$35.done(CloudQueueTest.java:1263)
	at io.cloudboost.CloudQueue.push(CloudQueue.java:720)
	at io.cloudboost.CloudQueueTest.pullMessageAfterDelay(CloudQueueTest.java:1247)
	at sun.reflect.NativeMethodAccessorImpl.invoke0(Native Method)
	at sun.reflect.NativeMethodAccessorImpl.invoke(NativeMethodAccessorImpl.java:62)
	at sun.reflect.DelegatingMethodAccessorImpl.invoke(DelegatingMethodAccessorImpl.java:43)
	at java.lang.reflect.Method.invoke(Method.java:483)
	at org.junit.runners.model.FrameworkMethod$1.runReflectiveCall(FrameworkMethod.java:44)
	at org.junit.internal.runners.model.ReflectiveCallable.run(ReflectiveCallable.java:15)
	at org.junit.runners.model.FrameworkMethod.invokeExplosively(FrameworkMethod.java:41)
	at org.junit.internal.runners.statements.InvokeMethod.evaluate(InvokeMethod.java:20)
	at org.junit.internal.runners.statements.FailOnTimeout$1.run(FailOnTimeout.java:28)
</failure>
  </testcase>
  <testcase classname="io.cloudboost.CloudQueueTest" name="pushDuplicateMessages" time="0.719"/>
  <testcase classname="io.cloudboost.CloudQueueTest" name="dontAllowEmptyQueueName" time="0.002"/>
  <testcase classname="io.cloudboost.CloudQueueTest" name="refreshMessageTimeoutSpecifiedTimeout" time="0.688"/>
  <testcase classname="io.cloudboost.CloudQueueTest" name="refreshMessageTimeoutUnSpecifiedTimeout" time="0.681"/>
  <testcase classname="io.cloudboost.CloudQueueTest" name="pushMessageArray" time="0.358"/>
  <testcase classname="io.cloudboost.CloudQueueTest" name="shouldGetQueue" time="0.798"/>
  <testcase classname="io.cloudboost.CloudQueueTest" name="deleteById" time="0.71"/>
  <testcase classname="io.cloudboost.CloudQueueTest" name="shouldPeek" time="0.672">
    <failure message="null expected:&lt;[Not Found]&gt; but was:&lt;[Object Validation Failure]&gt;" type="junit.framework.ComparisonFailure">junit.framework.ComparisonFailure: null expected:&lt;[Not Found]&gt; but was:&lt;[Object Validation Failure]&gt;
	at junit.framework.Assert.assertEquals(Assert.java:81)
	at junit.framework.Assert.assertEquals(Assert.java:87)
	at io.cloudboost.CloudQueueTest$9$1.done(CloudQueueTest.java:270)
	at io.cloudboost.CloudQueue.peek(CloudQueue.java:232)
	at io.cloudboost.CloudQueueTest$9.done(CloudQueueTest.java:265)
	at io.cloudboost.CloudQueue.push(CloudQueue.java:720)
	at io.cloudboost.CloudQueueTest.shouldPeek(CloudQueueTest.java:256)
	at sun.reflect.NativeMethodAccessorImpl.invoke0(Native Method)
	at sun.reflect.NativeMethodAccessorImpl.invoke(NativeMethodAccessorImpl.java:62)
	at sun.reflect.DelegatingMethodAccessorImpl.invoke(DelegatingMethodAccessorImpl.java:43)
	at java.lang.reflect.Method.invoke(Method.java:483)
	at org.junit.runners.model.FrameworkMethod$1.runReflectiveCall(FrameworkMethod.java:44)
	at org.junit.internal.runners.model.ReflectiveCallable.run(ReflectiveCallable.java:15)
	at org.junit.runners.model.FrameworkMethod.invokeExplosively(FrameworkMethod.java:41)
	at org.junit.internal.runners.statements.InvokeMethod.evaluate(InvokeMethod.java:20)
	at org.junit.internal.runners.statements.FailOnTimeout$1.run(FailOnTimeout.java:28)
</failure>
  </testcase>
  <testcase classname="io.cloudboost.CloudQueueTest" name="shoulGetAll" time="4.564"/>
  <testcase classname="io.cloudboost.CloudQueueTest" name="pushArray" time="0.364"/>
  <testcase classname="io.cloudboost.CloudQueueTest" name="shouldClearQueue" time="1.1"/>
  <testcase classname="io.cloudboost.CloudQueueTest" name="noPushNull" time="0.001"/>
  <testcase classname="io.cloudboost.CloudQueueTest" name="shouldPeekTwo" time="1.028">
    <failure message="null expected:&lt;[Not Found]&gt; but was:&lt;[Object Validation Failure]&gt;" type="junit.framework.ComparisonFailure">junit.framework.ComparisonFailure: null expected:&lt;[Not Found]&gt; but was:&lt;[Object Validation Failure]&gt;
	at junit.framework.Assert.assertEquals(Assert.java:81)
	at junit.framework.Assert.assertEquals(Assert.java:87)
	at io.cloudboost.CloudQueueTest$11$1$1.done(CloudQueueTest.java:396)
	at io.cloudboost.CloudQueue.peek(CloudQueue.java:232)
	at io.cloudboost.CloudQueueTest$11$1.done(CloudQueueTest.java:387)
	at io.cloudboost.CloudQueue.push(CloudQueue.java:720)
	at io.cloudboost.CloudQueueTest$11.done(CloudQueueTest.java:377)
	at io.cloudboost.CloudQueue.push(CloudQueue.java:720)
	at io.cloudboost.CloudQueueTest.shouldPeekTwo(CloudQueueTest.java:368)
	at sun.reflect.NativeMethodAccessorImpl.invoke0(Native Method)
	at sun.reflect.NativeMethodAccessorImpl.invoke(NativeMethodAccessorImpl.java:62)
	at sun.reflect.DelegatingMethodAccessorImpl.invoke(DelegatingMethodAccessorImpl.java:43)
	at java.lang.reflect.Method.invoke(Method.java:483)
	at org.junit.runners.model.FrameworkMethod$1.runReflectiveCall(FrameworkMethod.java:44)
	at org.junit.internal.runners.model.ReflectiveCallable.run(ReflectiveCallable.java:15)
	at org.junit.runners.model.FrameworkMethod.invokeExplosively(FrameworkMethod.java:41)
	at org.junit.internal.runners.statements.InvokeMethod.evaluate(InvokeMethod.java:20)
	at org.junit.internal.runners.statements.FailOnTimeout$1.run(FailOnTimeout.java:28)
</failure>
  </testcase>
  <testcase classname="io.cloudboost.CloudQueueTest" name="shouldPullTwo" time="1.121">
    <failure message="Not Found" type="junit.framework.AssertionFailedError">junit.framework.AssertionFailedError: Not Found
	at junit.framework.Assert.fail(Assert.java:47)
	at io.cloudboost.CloudQueueTest$13$1$1.done(CloudQueueTest.java:498)
	at io.cloudboost.CloudQueue.pull(CloudQueue.java:803)
	at io.cloudboost.CloudQueueTest$13$1.done(CloudQueueTest.java:489)
	at io.cloudboost.CloudQueue.push(CloudQueue.java:720)
	at io.cloudboost.CloudQueueTest$13.done(CloudQueueTest.java:479)
	at io.cloudboost.CloudQueue.push(CloudQueue.java:720)
	at io.cloudboost.CloudQueueTest.shouldPullTwo(CloudQueueTest.java:470)
	at sun.reflect.NativeMethodAccessorImpl.invoke0(Native Method)
	at sun.reflect.NativeMethodAccessorImpl.invoke(NativeMethodAccessorImpl.java:62)
	at sun.reflect.DelegatingMethodAccessorImpl.invoke(DelegatingMethodAccessorImpl.java:43)
	at java.lang.reflect.Method.invoke(Method.java:483)
	at org.junit.runners.model.FrameworkMethod$1.runReflectiveCall(FrameworkMethod.java:44)
	at org.junit.internal.runners.model.ReflectiveCallable.run(ReflectiveCallable.java:15)
	at org.junit.runners.model.FrameworkMethod.invokeExplosively(FrameworkMethod.java:41)
	at org.junit.internal.runners.statements.InvokeMethod.evaluate(InvokeMethod.java:20)
	at org.junit.internal.runners.statements.FailOnTimeout$1.run(FailOnTimeout.java:28)
</failure>
  </testcase>
  <testcase classname="io.cloudboost.CloudQueueTest" name="shouldAddMultiplerSubscribers" time="0.351"/>
  <testcase classname="io.cloudboost.CloudQueueTest" name="shouldAddandRemoveSubscriber" time="0.701"/>
  <testcase classname="io.cloudboost.CloudQueueTest" name="shouldNotGetInexistentQueue" time="0.324"/>
  <testcase classname="io.cloudboost.CloudQueueTest" name="shouldNotGetTheQueueWithNullName" time="0.708"/>
  <testcase classname="io.cloudboost.CloudQueueTest" name="shouldDeleteMultipleSubscribers" time="0.688"/>
  <testcase classname="io.cloudboost.CloudQueueTest" name="shouldNotPullFromInexistentQueue" time="0.318"/>
  <testcase classname="io.cloudboost.CloudQueueTest" name="shoulNotPullSameMessageTwice" time="0.92">
    <failure message="Not Found" type="junit.framework.AssertionFailedError">junit.framework.AssertionFailedError: Not Found
	at junit.framework.Assert.fail(Assert.java:47)
	at io.cloudboost.CloudQueueTest$16$1.done(CloudQueueTest.java:597)
	at io.cloudboost.CloudQueue.pull(CloudQueue.java:803)
	at io.cloudboost.CloudQueueTest$16.done(CloudQueueTest.java:591)
	at io.cloudboost.CloudQueue.push(CloudQueue.java:720)
	at io.cloudboost.CloudQueueTest.shoulNotPullSameMessageTwice(CloudQueueTest.java:584)
	at sun.reflect.NativeMethodAccessorImpl.invoke0(Native Method)
	at sun.reflect.NativeMethodAccessorImpl.invoke(NativeMethodAccessorImpl.java:62)
	at sun.reflect.DelegatingMethodAccessorImpl.invoke(DelegatingMethodAccessorImpl.java:43)
	at java.lang.reflect.Method.invoke(Method.java:483)
	at org.junit.runners.model.FrameworkMethod$1.runReflectiveCall(FrameworkMethod.java:44)
	at org.junit.internal.runners.model.ReflectiveCallable.run(ReflectiveCallable.java:15)
	at org.junit.runners.model.FrameworkMethod.invokeExplosively(FrameworkMethod.java:41)
	at org.junit.internal.runners.statements.InvokeMethod.evaluate(InvokeMethod.java:20)
	at org.junit.internal.runners.statements.FailOnTimeout$1.run(FailOnTimeout.java:28)
</failure>
  </testcase>
  <testcase classname="io.cloudboost.CloudQueueTest" name="shouldAddSubscriberToQueue" time="0.368"/>
  <testcase classname="io.cloudboost.CloudQueueTest" name="shouldGetNullForWrongMessageById" time="0.681"/>
  <testcase classname="io.cloudboost.CloudQueueTest" name="shouldNotSubscribeInvalidUrl" time="0.329">
    <failure message="Should not save subscriber with invalid url" type="junit.framework.AssertionFailedError">junit.framework.AssertionFailedError: Should not save subscriber with invalid url
	at junit.framework.Assert.fail(Assert.java:47)
	at io.cloudboost.CloudQueueTest$25.done(CloudQueueTest.java:904)
	at io.cloudboost.CloudQueue.addSubscriber(CloudQueue.java:518)
	at io.cloudboost.CloudQueueTest.shouldNotSubscribeInvalidUrl(CloudQueueTest.java:897)
	at sun.reflect.NativeMethodAccessorImpl.invoke0(Native Method)
	at sun.reflect.NativeMethodAccessorImpl.invoke(NativeMethodAccessorImpl.java:62)
	at sun.reflect.DelegatingMethodAccessorImpl.invoke(DelegatingMethodAccessorImpl.java:43)
	at java.lang.reflect.Method.invoke(Method.java:483)
	at org.junit.runners.model.FrameworkMethod$1.runReflectiveCall(FrameworkMethod.java:44)
	at org.junit.internal.runners.model.ReflectiveCallable.run(ReflectiveCallable.java:15)
	at org.junit.runners.model.FrameworkMethod.invokeExplosively(FrameworkMethod.java:41)
	at org.junit.internal.runners.statements.InvokeMethod.evaluate(InvokeMethod.java:20)
	at org.junit.internal.runners.statements.FailOnTimeout$1.run(FailOnTimeout.java:28)
</failure>
  </testcase>
  <testcase classname="io.cloudboost.CloudQueueTest" name="shouldNotPullMessageWithDelay" time="0.672"/>
  <testcase classname="io.cloudboost.CloudQueueTest" name="refreshMessageTimeoutPulledMessage" time="0.669">
    <error type="java.lang.NullPointerException">java.lang.NullPointerException
	at io.cloudboost.CloudQueueTest$37$1.done(CloudQueueTest.java:1359)
	at io.cloudboost.CloudQueue.pull(CloudQueue.java:803)
	at io.cloudboost.CloudQueueTest$37.done(CloudQueueTest.java:1355)
	at io.cloudboost.CloudQueue.push(CloudQueue.java:720)
	at io.cloudboost.CloudQueueTest.refreshMessageTimeoutPulledMessage(CloudQueueTest.java:1347)
	at sun.reflect.NativeMethodAccessorImpl.invoke0(Native Method)
	at sun.reflect.NativeMethodAccessorImpl.invoke(NativeMethodAccessorImpl.java:62)
	at sun.reflect.DelegatingMethodAccessorImpl.invoke(DelegatingMethodAccessorImpl.java:43)
	at java.lang.reflect.Method.invoke(Method.java:483)
	at org.junit.runners.model.FrameworkMethod$1.runReflectiveCall(FrameworkMethod.java:44)
	at org.junit.internal.runners.model.ReflectiveCallable.run(ReflectiveCallable.java:15)
	at org.junit.runners.model.FrameworkMethod.invokeExplosively(FrameworkMethod.java:41)
	at org.junit.internal.runners.statements.InvokeMethod.evaluate(InvokeMethod.java:20)
	at org.junit.internal.runners.statements.FailOnTimeout$1.run(FailOnTimeout.java:28)
</error>
  </testcase>
</testsuite>